<?xml version="1.0" encoding="UTF-8"?>
<testsuite name="ll.GameProposalControllerTest" time="0.249" tests="1" errors="0" skipped="0" failures="1">
  <properties>
[...]
</properties>
  <testcase name="proposeGame" classname="ll.GameProposalControllerTest" time="0.249">
    <failure message="Response content&#10;Expected: &quot;There is no player with id 1&quot;&#10;     but: was &quot;{\&quot;errorCode\&quot;:\&quot;Not Found\&quot;,\&quot;errorMessage\&quot;:\&quot;There is no player with id 1\&quot;}&quot;" type="java.lang.AssertionError">java.lang.AssertionError: Response content
Expected: "There is no player with id 1"
     but: was "{\"errorCode\":\"Not Found\",\"errorMessage\":\"There is no player with id 1\"}"
	at org.hamcrest.MatcherAssert.assertThat(MatcherAssert.java:20)
	at org.springframework.test.web.servlet.result.ContentResultMatchers$4.match(ContentResultMatchers.java:138)
	at org.springframework.test.web.servlet.MockMvc$1.andExpect(MockMvc.java:171)
	at ll.GameProposalControllerTest.proposeGame(GameProposalControllerTest.java:29)
</failure>
    <system-out><![CDATA[2018-01-17 10:54:55.788  INFO 10623 --- [           main] .b.t.c.SpringBootTestContextBootstrapper : Neither @ContextConfiguration nor @ContextHierarchy found for test class [ll.GameProposalControllerTest], using SpringBootContextLoader
2018-01-17 10:54:55.789  INFO 10623 --- [           main] o.s.t.c.support.AbstractContextLoader    : Could not detect default resource locations for test class [ll.GameProposalControllerTest]: no resource found for suffixes {-context.xml, Context.groovy}.
2018-01-17 10:54:55.789  INFO 10623 --- [           main] t.c.s.AnnotationConfigContextLoaderUtils : Could not detect default configuration classes for test class [ll.GameProposalControllerTest]: GameProposalControllerTest does not declare any static, non-private, non-final, nested classes annotated with @Configuration.
2018-01-17 10:54:55.799  INFO 10623 --- [           main] .b.t.c.SpringBootTestContextBootstrapper : Found @SpringBootConfiguration ll.Application for test class ll.GameProposalControllerTest
2018-01-17 10:54:55.802  INFO 10623 --- [           main] .b.t.c.SpringBootTestContextBootstrapper : Loaded default TestExecutionListener class names from location [META-INF/spring.factories]: [org.springframework.boot.test.mock.mockito.MockitoTestExecutionListener, org.springframework.boot.test.mock.mockito.ResetMocksTestExecutionListener, org.springframework.boot.test.autoconfigure.restdocs.RestDocsTestExecutionListener, org.springframework.boot.test.autoconfigure.web.client.MockRestServiceServerResetTestExecutionListener, org.springframework.boot.test.autoconfigure.web.servlet.MockMvcPrintOnlyOnFailureTestExecutionListener, org.springframework.boot.test.autoconfigure.web.servlet.WebDriverTestExecutionListener, org.springframework.test.context.web.ServletTestExecutionListener, org.springframework.test.context.support.DirtiesContextBeforeModesTestExecutionListener, org.springframework.test.context.support.DependencyInjectionTestExecutionListener, org.springframework.test.context.support.DirtiesContextTestExecutionListener, org.springframework.test.context.transaction.TransactionalTestExecutionListener, org.springframework.test.context.jdbc.SqlScriptsTestExecutionListener]
2018-01-17 10:54:55.806  INFO 10623 --- [           main] .b.t.c.SpringBootTestContextBootstrapper : Using TestExecutionListeners: [org.springframework.test.context.web.ServletTestExecutionListener@1c23e369, org.springframework.test.context.support.DirtiesContextBeforeModesTestExecutionListener@38445703, org.springframework.boot.test.autoconfigure.SpringBootDependencyInjectionTestExecutionListener@44ae6b66, org.springframework.test.context.support.DirtiesContextTestExecutionListener@5b0e5d5f, org.springframework.test.context.transaction.TransactionalTestExecutionListener@58b5d5fc, org.springframework.test.context.jdbc.SqlScriptsTestExecutionListener@42536da6, org.springframework.boot.test.mock.mockito.MockitoTestExecutionListener@7591cbd1, org.springframework.boot.test.mock.mockito.ResetMocksTestExecutionListener@5cdc8499, org.springframework.boot.test.autoconfigure.restdocs.RestDocsTestExecutionListener@2a30b0cb, org.springframework.boot.test.autoconfigure.web.client.MockRestServiceServerResetTestExecutionListener@73d7d676, org.springframework.boot.test.autoconfigure.web.servlet.MockMvcPrintOnlyOnFailureTestExecutionListener@8e3449e, org.springframework.boot.test.autoconfigure.web.servlet.WebDriverTestExecutionListener@3023f157]
2018-01-17 10:54:55.853  INFO 10623 --- [           main] o.h.h.i.QueryTranslatorFactoryInitiator  : HHH000397: Using ASTQueryTranslatorFactory

MockHttpServletRequest:
      HTTP Method = GET
      Request URI = /
       Parameters = {}
          Headers = {Accept=[application/json]}

Handler:
             Type = ll.controllers.HelloController
           Method = public java.lang.String ll.controllers.HelloController.index()

Async:
    Async started = false
     Async result = null

Resolved Exception:
             Type = null

ModelAndView:
        View name = null
             View = null
            Model = null

FlashMap:
       Attributes = null

MockHttpServletResponse:
           Status = 200
    Error message = null
          Headers = {X-Application-Context=[application:-1], Content-Type=[application/json;charset=UTF-8], Content-Length=[53]}
     Content type = application/json;charset=UTF-8
             Body = Greetings from Spring Boot! This Spring love letters!
    Forwarded URL = null
   Redirected URL = null
          Cookies = []

MockHttpServletRequest:
      HTTP Method = POST
      Request URI = /propose_game
       Parameters = {id=[1]}
          Headers = {Accept=[application/json]}

Handler:
             Type = ll.controllers.GameProposalController
           Method = public org.springframework.http.ResponseEntity ll.controllers.GameProposalController.proposeGame(java.lang.String)

Async:
    Async started = false
     Async result = null

Resolved Exception:
             Type = null

ModelAndView:
        View name = null
             View = null
            Model = null

FlashMap:
       Attributes = null

MockHttpServletResponse:
           Status = 404
    Error message = null
          Headers = {X-Application-Context=[application:-1], Content-Type=[application/json;charset=UTF-8]}
     Content type = application/json;charset=UTF-8
             Body = {"errorCode":"Not Found","errorMessage":"There is no player with id 1"}
    Forwarded URL = null
   Redirected URL = null
          Cookies = []
]]></system-out>
  </testcase>
</testsuite>